<?xml version="1.0" encoding="UTF-8"?>
<testsuite name="BoardShould" tests="1" skipped="0" failures="0" errors="0" timestamp="2019-12-14T07:54:30" hostname="hemant-ubuntu" time="0.016">
  <properties/>
  <testcase name="makeBothPlayersStartAtDefaultPosition()" classname="BoardShould" time="0.016"/>
  <system-out><![CDATA[]]></system-out>
  <system-err><![CDATA[]]></system-err>
</testsuite>
