<?xml version="1.0" encoding="UTF-8"?>
<testsuite name="BoardShould" tests="1" skipped="0" failures="0" errors="0" timestamp="2019-12-14T07:32:52" hostname="hemant-ubuntu" time="0.015">
  <properties/>
  <testcase name="test()" classname="BoardShould" time="0.015"/>
  <system-out><![CDATA[]]></system-out>
  <system-err><![CDATA[]]></system-err>
</testsuite>
